\BOOKMARK [1][-]{section*.1}{\376\377\000A\000b\000s\000t\000r\000a\000c\000t}{}% 1
\BOOKMARK [1][-]{section*.2}{\376\377\000I\000n\000t\000r\000o\000d\000u\000c\000t\000i\000o\000n\000\040\000a\000n\000d\000\040\000m\000e\000t\000h\000o\000d\000o\000l\000o\000g\000y}{}% 2
\BOOKMARK [1][-]{section*.3}{\376\377\000F\000i\000r\000s\000t\000\040\000e\000v\000a\000l\000u\000a\000t\000i\000o\000n\000s\000\040\000w\000i\000t\000h\000\040\000t\000h\000e\000\040\000Q\000i\000s\000k\000i\000t\000\040\000t\000u\000t\000o\000r\000i\000a\000l\000s}{}% 3
\BOOKMARK [2][-]{section*.4}{\376\377\000F\000i\000r\000s\000t\000\040\000t\000u\000t\000o\000r\000i\000a\000l}{section*.3}% 4
\BOOKMARK [2][-]{section*.5}{\376\377\000S\000e\000c\000o\000n\000d\000\040\000t\000u\000t\000o\000r\000i\000a\000l}{section*.3}% 5
\BOOKMARK [1][-]{section*.6}{\376\377\000D\000i\000f\000e\000r\000e\000n\000t\000\040\000t\000y\000p\000e\000s\000\040\000o\000f\000\040\000Q\000N\000N}{}% 6
\BOOKMARK [1][-]{section*.7}{\376\377\000S\000t\000a\000t\000i\000s\000t\000i\000c\000s}{}% 7
\BOOKMARK [2][-]{section*.8}{\376\377\000F\000i\000r\000s\000t\000\040\000t\000u\000t\000o\000r\000i\000a\000l}{section*.7}% 8
\BOOKMARK [2][-]{section*.10}{\376\377\000S\000e\000c\000o\000n\000d\000\040\000t\000u\000t\000o\000r\000i\000a\000l}{section*.7}% 9
\BOOKMARK [1][-]{section*.14}{\376\377\000\040\000W\000h\000a\000t\000\040\000w\000o\000r\000k\000s\000\040\000b\000e\000s\000t\000\040\000a\000n\000d\000\040\000c\000r\000e\000a\000t\000i\000n\000g\000\040\000a\000\040\000c\000u\000s\000t\000o\000m\000\040\000H\000C\000Q\000N\000N}{}% 10
\BOOKMARK [2][-]{section*.15}{\376\377\000T\000r\000y\000i\000n\000g\000\040\000t\000o\000\040\000m\000a\000n\000u\000a\000l\000l\000y\000\040\000p\000r\000o\000c\000e\000s\000s\000\040\000t\000h\000e\000\040\000i\000m\000a\000g\000e\000s\000\040\000u\000s\000i\000n\000g\000\040\000N\000E\000Q\000R\000\040\000a\000n\000d\000\040\000F\000R\000Q\000I}{section*.14}% 11
\BOOKMARK [2][-]{section*.16}{\376\377\000D\000e\000c\000i\000d\000i\000n\000g\000\040\000b\000e\000t\000w\000e\000e\000n\000\040\000A\000d\000a\000m\000\040\000a\000n\000d\000\040\000C\000O\000B\000Y\000L\000A}{section*.14}% 12
\BOOKMARK [2][-]{section*.17}{\376\377\000D\000e\000c\000i\000d\000i\000n\000g\000\040\000b\000e\000t\000w\000e\000e\000n\000\040\000z\000\040\000a\000n\000d\000\040\000C\000O\000B\000Y\000L\000A}{section*.14}% 13
\BOOKMARK [2][-]{section*.18}{\376\377\000D\000e\000c\000i\000d\000i\000n\000g\000\040\000t\000h\000e\000\040\000a\000n\000s\000a\000t\000z}{section*.14}% 14
\BOOKMARK [2][-]{section*.19}{\376\377\000T\000h\000e\000\040\000o\000u\000t\000p\000u\000t\000\040\000l\000a\000y\000e\000r}{section*.14}% 15
\BOOKMARK [2][-]{section*.20}{\376\377\000a\000d\000d\000i\000n\000g\000\040\000e\000v\000o\000l\000u\000t\000i\000o\000n\000a\000r\000y\000\040\000o\000p\000e\000r\000a\000t\000o\000r\000s}{section*.14}% 16
\BOOKMARK [2][-]{section*.21}{\376\377\000P\000o\000o\000l\000i\000n\000g\000\040\000a\000n\000d\000\040\000c\000o\000n\000v\000o\000l\000u\000t\000i\000o\000n\000\040\000l\000a\000y\000e\000r\000s}{section*.14}% 17
\BOOKMARK [2][-]{section*.22}{\376\377\000C\000r\000e\000a\000t\000i\000n\000g\000\040\000t\000h\000e\000\040\000c\000u\000s\000t\000o\000m\000\040\000H\000C\000Q\000N\000N}{section*.14}% 18
\BOOKMARK [2][-]{section*.23}{\376\377\000t\000e\000s\000t\000s}{section*.14}% 19
\BOOKMARK [2][-]{section*.24}{\376\377\000s\000e\000c\000o\000n\000d\000\040\000d\000a\000t\000a\000s\000e\000t}{section*.14}% 20
\BOOKMARK [2][-]{section*.25}{\376\377\000M\000N\000I\000S\000T\000\040\000d\000a\000t\000a\000s\000e\000t}{section*.14}% 21
\BOOKMARK [2][-]{section*.27}{\376\377\000r\000e\000s\000u\000l\000t\000s\000\040\000o\000f\000\040\000t\000h\000e\000\040\000t\000h\000r\000e\000e\000\040\000H\000Q\000N\000N\000\040\000w\000i\000t\000h\000\040\000a\000\040\000m\000o\000r\000e\000\040\000c\000h\000a\000n\000l\000e\000n\000g\000i\000n\000g\000\040\000d\000a\000t\000a\000s\000e\000t}{section*.14}% 22
\BOOKMARK [1][-]{section*.30}{\376\377\000R\000u\000n\000n\000i\000n\000g\000\040\000c\000u\000s\000t\000o\000m\000\040\000H\000C\000Q\000N\000N\000\040\000o\000n\000\040\000r\000e\000a\000l\000\040\000h\000a\000r\000d\000w\000a\000r\000e}{}% 23
\BOOKMARK [1][-]{section*.31}{\376\377\000C\000o\000n\000c\000l\000u\000s\000i\000o\000n}{}% 24
\BOOKMARK [1][-]{section*.32}{\376\377\000R\000e\000f\000e\000r\000e\000n\000c\000e\000s}{}% 25
\BOOKMARK [1][-]{section*.33}{\376\377\000R\000e\000f\000e\000r\000e\000n\000c\000e\000s}{}% 26
